<?xml version="1.0" encoding="UTF-8"?>
<testsuite name="gameOfLife.GameTest" tests="1" skipped="0" failures="0" errors="0" timestamp="2022-09-04T19:09:42" hostname="Sols-MacBook-Air.local" time="0.011">
  <properties/>
  <testcase name="game should be generated with given size()" classname="gameOfLife.GameTest" time="0.011"/>
  <system-out><![CDATA[]]></system-out>
  <system-err><![CDATA[]]></system-err>
</testsuite>
